This file contains any messages produced by compilers while
running configure, to aid debugging if configure makes a mistake.

It was created by configure, which was
generated by GNU Autoconf 2.59.  Invocation command line was

  $ ./configure --prefix=/home/users/satre/biocreative/data/IAT/nersuite-1.0/ --with-libcrfsuite=/home/users/satre/biocreative/data/IAT/crfsuite-0.11 --with-liblbfgs=/home/users/satre/biocreative/data/IAT/liblbfgs-1.9/

## --------- ##
## Platform. ##
## --------- ##

hostname = mason10.is.s.u-tokyo.ac.jp
uname -m = x86_64
uname -r = 2.6.9-22.ELsmp
uname -s = Linux
uname -v = #1 SMP Sat Oct 8 21:32:36 BST 2005

/usr/bin/uname -p = unknown
/bin/uname -X     = unknown

/bin/arch              = x86_64
/usr/bin/arch -k       = unknown
/usr/convex/getsysinfo = unknown
hostinfo               = unknown
/bin/machine           = unknown
/usr/bin/oslevel       = unknown
/bin/universe          = unknown

PATH: /works/mason9a/sge6.2/bin/lx24-amd64
PATH: .
PATH: /home/users/satre/python/bin
PATH: /usr/local/enju/enju-2.3.1/
PATH: /home/users/satre/src/gdep-beta1
PATH: /home/users/satre/src/geniatagger-3.0.1/
PATH: /home/users/sebastian/projects/thebeast/bin/
PATH: /home/users/sebastian/usr/bin
PATH: /home/users/satre/Timbl5
PATH: /home/users/satre/bin
PATH: /usr/local/gcc/bin/
PATH: /usr/local/java/bin/
PATH: /usr/local/svn/umaskbin
PATH: /usr/local/svn/bin
PATH: /usr/local/BerkeleyDB/bin/
PATH: /works/mason9a/sge6.2/bin/lx24-amd64
PATH: .
PATH: /home/users/satre/python/bin
PATH: /usr/local/enju/enju-2.3.1/
PATH: /home/users/satre/src/gdep-beta1
PATH: /home/users/satre/src/geniatagger-3.0.1/
PATH: /home/users/sebastian/projects/thebeast/bin/
PATH: /home/users/sebastian/usr/bin
PATH: /home/users/satre/Timbl5
PATH: /home/users/satre/bin
PATH: /usr/local/gcc/bin/
PATH: /usr/local/java/bin/
PATH: /usr/local/svn/umaskbin
PATH: /usr/local/svn/bin
PATH: /usr/local/BerkeleyDB/bin/
PATH: /usr/lib64/qt-3.3/bin
PATH: /usr/kerberos/bin
PATH: /usr/lib64/ccache/bin
PATH: /usr/local/bin
PATH: /bin
PATH: /usr/bin
PATH: /usr/X11R6/bin


## ----------- ##
## Core tests. ##
## ----------- ##

configure:1357: checking build system type
configure:1375: result: x86_64-unknown-linux-gnu
configure:1383: checking host system type
configure:1397: result: x86_64-unknown-linux-gnu
configure:1451: checking for gcc
configure:1467: found /usr/local/gcc/bin//gcc
configure:1477: result: gcc
configure:1721: checking for C compiler version
configure:1724: gcc --version </dev/null >&5
gcc (GCC) 4.3.0
Copyright (C) 2008 Free Software Foundation, Inc.
This is free software; see the source for copying conditions.  There is NO
warranty; not even for MERCHANTABILITY or FITNESS FOR A PARTICULAR PURPOSE.

configure:1727: $? = 0
configure:1729: gcc -v </dev/null >&5
Using built-in specs.
Target: x86_64-unknown-linux-gnu
Configured with: ../configure --prefix=/usr/local/gcc/gcc-4.3.0 --with-gmp=/usr/local --with-mpfr=/usr/local
Thread model: posix
gcc version 4.3.0 (GCC) 
configure:1732: $? = 0
configure:1734: gcc -V </dev/null >&5
gcc: '-V' option must have argument
configure:1737: $? = 1
configure:1760: checking for C compiler default output file name
configure:1763: gcc    conftest.c  >&5
configure:1766: $? = 0
configure:1812: result: a.out
configure:1817: checking whether the C compiler works
configure:1823: ./a.out
configure:1826: $? = 0
configure:1843: result: yes
configure:1850: checking whether we are cross compiling
configure:1852: result: no
configure:1855: checking for suffix of executables
configure:1857: gcc -o conftest    conftest.c  >&5
configure:1860: $? = 0
configure:1885: result: 
configure:1891: checking for suffix of object files
configure:1912: gcc -c   conftest.c >&5
configure:1915: $? = 0
configure:1937: result: o
configure:1941: checking whether we are using the GNU C compiler
configure:1965: gcc -c   conftest.c >&5
configure:1971: $? = 0
configure:1975: test -z 
			 || test ! -s conftest.err
configure:1978: $? = 0
configure:1981: test -s conftest.o
configure:1984: $? = 0
configure:1997: result: yes
configure:2003: checking whether gcc accepts -g
configure:2024: gcc -c -g  conftest.c >&5
configure:2030: $? = 0
configure:2034: test -z 
			 || test ! -s conftest.err
configure:2037: $? = 0
configure:2040: test -s conftest.o
configure:2043: $? = 0
configure:2054: result: yes
configure:2071: checking for gcc option to accept ANSI C
configure:2141: gcc  -c -g -O2  conftest.c >&5
configure:2147: $? = 0
configure:2151: test -z 
			 || test ! -s conftest.err
configure:2154: $? = 0
configure:2157: test -s conftest.o
configure:2160: $? = 0
configure:2178: result: none needed
configure:2196: gcc -c -g -O2  conftest.c >&5
conftest.c:2: error: expected '=', ',', ';', 'asm' or '__attribute__' before 'me'
configure:2202: $? = 1
configure: failed program was:
| #ifndef __cplusplus
|   choke me
| #endif
configure:2341: checking how to run the C preprocessor
configure:2376: gcc -E  conftest.c
configure:2382: $? = 0
configure:2414: gcc -E  conftest.c
conftest.c:9:28: error: ac_nonexistent.h: No such file or directory
configure:2420: $? = 1
configure: failed program was:
| /* confdefs.h.  */
| 
| #define PACKAGE_NAME ""
| #define PACKAGE_TARNAME ""
| #define PACKAGE_VERSION ""
| #define PACKAGE_STRING ""
| #define PACKAGE_BUGREPORT ""
| /* end confdefs.h.  */
| #include <ac_nonexistent.h>
configure:2459: result: gcc -E
configure:2483: gcc -E  conftest.c
configure:2489: $? = 0
configure:2521: gcc -E  conftest.c
conftest.c:9:28: error: ac_nonexistent.h: No such file or directory
configure:2527: $? = 1
configure: failed program was:
| /* confdefs.h.  */
| 
| #define PACKAGE_NAME ""
| #define PACKAGE_TARNAME ""
| #define PACKAGE_VERSION ""
| #define PACKAGE_STRING ""
| #define PACKAGE_BUGREPORT ""
| /* end confdefs.h.  */
| #include <ac_nonexistent.h>
configure:2571: checking for egrep
configure:2581: result: grep -E
configure:2587: checking for AIX
configure:2609: result: no
configure:2615: checking for ANSI C header files
configure:2640: gcc -c -g -O2  conftest.c >&5
configure:2646: $? = 0
configure:2650: test -z 
			 || test ! -s conftest.err
configure:2653: $? = 0
configure:2656: test -s conftest.o
configure:2659: $? = 0
configure:2748: gcc -o conftest -g -O2   conftest.c  >&5
conftest.c: In function 'main':
conftest.c:26: warning: incompatible implicit declaration of built-in function 'exit'
configure:2751: $? = 0
configure:2753: ./conftest
configure:2756: $? = 0
configure:2771: result: yes
configure:2795: checking for sys/types.h
configure:2811: gcc -c -g -O2  conftest.c >&5
configure:2817: $? = 0
configure:2821: test -z 
			 || test ! -s conftest.err
configure:2824: $? = 0
configure:2827: test -s conftest.o
configure:2830: $? = 0
configure:2841: result: yes
configure:2795: checking for sys/stat.h
configure:2811: gcc -c -g -O2  conftest.c >&5
configure:2817: $? = 0
configure:2821: test -z 
			 || test ! -s conftest.err
configure:2824: $? = 0
configure:2827: test -s conftest.o
configure:2830: $? = 0
configure:2841: result: yes
configure:2795: checking for stdlib.h
configure:2811: gcc -c -g -O2  conftest.c >&5
configure:2817: $? = 0
configure:2821: test -z 
			 || test ! -s conftest.err
configure:2824: $? = 0
configure:2827: test -s conftest.o
configure:2830: $? = 0
configure:2841: result: yes
configure:2795: checking for string.h
configure:2811: gcc -c -g -O2  conftest.c >&5
configure:2817: $? = 0
configure:2821: test -z 
			 || test ! -s conftest.err
configure:2824: $? = 0
configure:2827: test -s conftest.o
configure:2830: $? = 0
configure:2841: result: yes
configure:2795: checking for memory.h
configure:2811: gcc -c -g -O2  conftest.c >&5
configure:2817: $? = 0
configure:2821: test -z 
			 || test ! -s conftest.err
configure:2824: $? = 0
configure:2827: test -s conftest.o
configure:2830: $? = 0
configure:2841: result: yes
configure:2795: checking for strings.h
configure:2811: gcc -c -g -O2  conftest.c >&5
configure:2817: $? = 0
configure:2821: test -z 
			 || test ! -s conftest.err
configure:2824: $? = 0
configure:2827: test -s conftest.o
configure:2830: $? = 0
configure:2841: result: yes
configure:2795: checking for inttypes.h
configure:2811: gcc -c -g -O2  conftest.c >&5
configure:2817: $? = 0
configure:2821: test -z 
			 || test ! -s conftest.err
configure:2824: $? = 0
configure:2827: test -s conftest.o
configure:2830: $? = 0
configure:2841: result: yes
configure:2795: checking for stdint.h
configure:2811: gcc -c -g -O2  conftest.c >&5
configure:2817: $? = 0
configure:2821: test -z 
			 || test ! -s conftest.err
configure:2824: $? = 0
configure:2827: test -s conftest.o
configure:2830: $? = 0
configure:2841: result: yes
configure:2795: checking for unistd.h
configure:2811: gcc -c -g -O2  conftest.c >&5
configure:2817: $? = 0
configure:2821: test -z 
			 || test ! -s conftest.err
configure:2824: $? = 0
configure:2827: test -s conftest.o
configure:2830: $? = 0
configure:2841: result: yes
configure:2863: checking minix/config.h usability
configure:2875: gcc -c -g -O2  conftest.c >&5
conftest.c:53:26: error: minix/config.h: No such file or directory
configure:2881: $? = 1
configure: failed program was:
| /* confdefs.h.  */
| 
| #define PACKAGE_NAME ""
| #define PACKAGE_TARNAME ""
| #define PACKAGE_VERSION ""
| #define PACKAGE_STRING ""
| #define PACKAGE_BUGREPORT ""
| #define STDC_HEADERS 1
| #define HAVE_SYS_TYPES_H 1
| #define HAVE_SYS_STAT_H 1
| #define HAVE_STDLIB_H 1
| #define HAVE_STRING_H 1
| #define HAVE_MEMORY_H 1
| #define HAVE_STRINGS_H 1
| #define HAVE_INTTYPES_H 1
| #define HAVE_STDINT_H 1
| #define HAVE_UNISTD_H 1
| /* end confdefs.h.  */
| #include <stdio.h>
| #if HAVE_SYS_TYPES_H
| # include <sys/types.h>
| #endif
| #if HAVE_SYS_STAT_H
| # include <sys/stat.h>
| #endif
| #if STDC_HEADERS
| # include <stdlib.h>
| # include <stddef.h>
| #else
| # if HAVE_STDLIB_H
| #  include <stdlib.h>
| # endif
| #endif
| #if HAVE_STRING_H
| # if !STDC_HEADERS && HAVE_MEMORY_H
| #  include <memory.h>
| # endif
| # include <string.h>
| #endif
| #if HAVE_STRINGS_H
| # include <strings.h>
| #endif
| #if HAVE_INTTYPES_H
| # include <inttypes.h>
| #else
| # if HAVE_STDINT_H
| #  include <stdint.h>
| # endif
| #endif
| #if HAVE_UNISTD_H
| # include <unistd.h>
| #endif
| #include <minix/config.h>
configure:2904: result: no
configure:2908: checking minix/config.h presence
configure:2918: gcc -E  conftest.c
conftest.c:19:26: error: minix/config.h: No such file or directory
configure:2924: $? = 1
configure: failed program was:
| /* confdefs.h.  */
| 
| #define PACKAGE_NAME ""
| #define PACKAGE_TARNAME ""
| #define PACKAGE_VERSION ""
| #define PACKAGE_STRING ""
| #define PACKAGE_BUGREPORT ""
| #define STDC_HEADERS 1
| #define HAVE_SYS_TYPES_H 1
| #define HAVE_SYS_STAT_H 1
| #define HAVE_STDLIB_H 1
| #define HAVE_STRING_H 1
| #define HAVE_MEMORY_H 1
| #define HAVE_STRINGS_H 1
| #define HAVE_INTTYPES_H 1
| #define HAVE_STDINT_H 1
| #define HAVE_UNISTD_H 1
| /* end confdefs.h.  */
| #include <minix/config.h>
configure:2944: result: no
configure:2979: checking for minix/config.h
configure:2986: result: no
configure:3015: checking for library containing strerror
configure:3045: gcc -o conftest -g -O2   conftest.c  >&5
configure:3051: $? = 0
configure:3055: test -z 
			 || test ! -s conftest.err
configure:3058: $? = 0
configure:3061: test -s conftest
configure:3064: $? = 0
configure:3134: result: none required
configure:3157: checking for a BSD-compatible install
configure:3212: result: /usr/bin/install -c
configure:3223: checking whether build environment is sane
configure:3266: result: yes
configure:3331: checking for gawk
configure:3347: found /bin/gawk
configure:3357: result: gawk
configure:3367: checking whether make sets $(MAKE)
configure:3387: result: yes
configure:3417: checking for style of include used by make
configure:3445: result: GNU
configure:3621: checking dependency style of gcc
configure:3711: result: gcc3
configure:3731: checking whether to enable maintainer-specific portions of Makefiles
configure:3740: result: no
configure:3755: checking for function prototypes
configure:3758: result: yes
configure:3788: checking for string.h
configure:3793: result: yes
configure:3988: checking for g++
configure:4004: found /usr/local/gcc/bin//g++
configure:4014: result: g++
configure:4030: checking for C++ compiler version
configure:4033: g++ --version </dev/null >&5
g++ (GCC) 4.3.0
Copyright (C) 2008 Free Software Foundation, Inc.
This is free software; see the source for copying conditions.  There is NO
warranty; not even for MERCHANTABILITY or FITNESS FOR A PARTICULAR PURPOSE.

configure:4036: $? = 0
configure:4038: g++ -v </dev/null >&5
Using built-in specs.
Target: x86_64-unknown-linux-gnu
Configured with: ../configure --prefix=/usr/local/gcc/gcc-4.3.0 --with-gmp=/usr/local --with-mpfr=/usr/local
Thread model: posix
gcc version 4.3.0 (GCC) 
configure:4041: $? = 0
configure:4043: g++ -V </dev/null >&5
g++: '-V' option must have argument
configure:4046: $? = 1
configure:4049: checking whether we are using the GNU C++ compiler
configure:4073: g++ -c   conftest.cc >&5
configure:4079: $? = 0
configure:4083: test -z 
			 || test ! -s conftest.err
configure:4086: $? = 0
configure:4089: test -s conftest.o
configure:4092: $? = 0
configure:4105: result: yes
configure:4111: checking whether g++ accepts -g
configure:4132: g++ -c -g  conftest.cc >&5
configure:4138: $? = 0
configure:4142: test -z 
			 || test ! -s conftest.err
configure:4145: $? = 0
configure:4148: test -s conftest.o
configure:4151: $? = 0
configure:4162: result: yes
configure:4204: g++ -c -g -O2  conftest.cc >&5
configure:4210: $? = 0
configure:4214: test -z 
			 || test ! -s conftest.err
configure:4217: $? = 0
configure:4220: test -s conftest.o
configure:4223: $? = 0
configure:4249: g++ -c -g -O2  conftest.cc >&5
conftest.cc: In function 'int main()':
conftest.cc:28: error: 'exit' was not declared in this scope
configure:4255: $? = 1
configure: failed program was:
| /* confdefs.h.  */
| 
| #define PACKAGE_NAME ""
| #define PACKAGE_TARNAME ""
| #define PACKAGE_VERSION ""
| #define PACKAGE_STRING ""
| #define PACKAGE_BUGREPORT ""
| #define STDC_HEADERS 1
| #define HAVE_SYS_TYPES_H 1
| #define HAVE_SYS_STAT_H 1
| #define HAVE_STDLIB_H 1
| #define HAVE_STRING_H 1
| #define HAVE_MEMORY_H 1
| #define HAVE_STRINGS_H 1
| #define HAVE_INTTYPES_H 1
| #define HAVE_STDINT_H 1
| #define HAVE_UNISTD_H 1
| #define PACKAGE "nersuite"
| #define VERSION "1.0"
| #define PROTOTYPES 1
| #define __PROTOTYPES 1
| #define HAVE_STRING_H 1
| /* end confdefs.h.  */
| 
| int
| main ()
| {
| exit (42);
|   ;
|   return 0;
| }
configure:4204: g++ -c -g -O2  conftest.cc >&5
conftest.cc:24: error: 'void std::exit(int)' should have been declared inside 'std'
configure:4210: $? = 1
configure: failed program was:
| /* confdefs.h.  */
| 
| #define PACKAGE_NAME ""
| #define PACKAGE_TARNAME ""
| #define PACKAGE_VERSION ""
| #define PACKAGE_STRING ""
| #define PACKAGE_BUGREPORT ""
| #define STDC_HEADERS 1
| #define HAVE_SYS_TYPES_H 1
| #define HAVE_SYS_STAT_H 1
| #define HAVE_STDLIB_H 1
| #define HAVE_STRING_H 1
| #define HAVE_MEMORY_H 1
| #define HAVE_STRINGS_H 1
| #define HAVE_INTTYPES_H 1
| #define HAVE_STDINT_H 1
| #define HAVE_UNISTD_H 1
| #define PACKAGE "nersuite"
| #define VERSION "1.0"
| #define PROTOTYPES 1
| #define __PROTOTYPES 1
| #define HAVE_STRING_H 1
| /* end confdefs.h.  */
| extern "C" void std::exit (int) throw (); using std::exit;
| #include <stdlib.h>
| int
| main ()
| {
| exit (42);
|   ;
|   return 0;
| }
configure:4204: g++ -c -g -O2  conftest.cc >&5
conftest.cc:24: error: 'void std::exit(int)' should have been declared inside 'std'
In file included from conftest.cc:25:
/usr/include/stdlib.h:640: error: declaration of 'void std::exit(int) throw ()' throws different exceptions
conftest.cc:24: error: from previous declaration 'void std::exit(int)'
configure:4210: $? = 1
configure: failed program was:
| /* confdefs.h.  */
| 
| #define PACKAGE_NAME ""
| #define PACKAGE_TARNAME ""
| #define PACKAGE_VERSION ""
| #define PACKAGE_STRING ""
| #define PACKAGE_BUGREPORT ""
| #define STDC_HEADERS 1
| #define HAVE_SYS_TYPES_H 1
| #define HAVE_SYS_STAT_H 1
| #define HAVE_STDLIB_H 1
| #define HAVE_STRING_H 1
| #define HAVE_MEMORY_H 1
| #define HAVE_STRINGS_H 1
| #define HAVE_INTTYPES_H 1
| #define HAVE_STDINT_H 1
| #define HAVE_UNISTD_H 1
| #define PACKAGE "nersuite"
| #define VERSION "1.0"
| #define PROTOTYPES 1
| #define __PROTOTYPES 1
| #define HAVE_STRING_H 1
| /* end confdefs.h.  */
| extern "C" void std::exit (int); using std::exit;
| #include <stdlib.h>
| int
| main ()
| {
| exit (42);
|   ;
|   return 0;
| }
configure:4204: g++ -c -g -O2  conftest.cc >&5
configure:4210: $? = 0
configure:4214: test -z 
			 || test ! -s conftest.err
configure:4217: $? = 0
configure:4220: test -s conftest.o
configure:4223: $? = 0
configure:4249: g++ -c -g -O2  conftest.cc >&5
configure:4255: $? = 0
configure:4259: test -z 
			 || test ! -s conftest.err
configure:4262: $? = 0
configure:4265: test -s conftest.o
configure:4268: $? = 0
configure:4293: checking dependency style of g++
configure:4383: result: gcc3
configure:4413: checking for a BSD-compatible install
configure:4468: result: /usr/bin/install -c
configure:4479: checking whether ln -s works
configure:4483: result: yes
configure:4497: checking for ANSI C header files
configure:4653: result: yes
configure:4682: checking fcntl.h usability
configure:4694: gcc -c   conftest.c >&5
configure:4700: $? = 0
configure:4704: test -z 
			 || test ! -s conftest.err
configure:4707: $? = 0
configure:4710: test -s conftest.o
configure:4713: $? = 0
configure:4723: result: yes
configure:4727: checking fcntl.h presence
configure:4737: gcc -E  conftest.c
configure:4743: $? = 0
configure:4763: result: yes
configure:4798: checking for fcntl.h
configure:4805: result: yes
configure:4682: checking limits.h usability
configure:4694: gcc -c   conftest.c >&5
configure:4700: $? = 0
configure:4704: test -z 
			 || test ! -s conftest.err
configure:4707: $? = 0
configure:4710: test -s conftest.o
configure:4713: $? = 0
configure:4723: result: yes
configure:4727: checking limits.h presence
configure:4737: gcc -E  conftest.c
configure:4743: $? = 0
configure:4763: result: yes
configure:4798: checking for limits.h
configure:4805: result: yes
configure:4682: checking malloc.h usability
configure:4694: gcc -c   conftest.c >&5
configure:4700: $? = 0
configure:4704: test -z 
			 || test ! -s conftest.err
configure:4707: $? = 0
configure:4710: test -s conftest.o
configure:4713: $? = 0
configure:4723: result: yes
configure:4727: checking malloc.h presence
configure:4737: gcc -E  conftest.c
configure:4743: $? = 0
configure:4763: result: yes
configure:4798: checking for malloc.h
configure:4805: result: yes
configure:4673: checking for strings.h
configure:4678: result: yes
configure:4673: checking for unistd.h
configure:4678: result: yes
configure:4673: checking for stdint.h
configure:4678: result: yes
configure:4820: checking for an ANSI C-conforming const
configure:4887: gcc -c   conftest.c >&5
configure:4893: $? = 0
configure:4897: test -z 
			 || test ! -s conftest.err
configure:4900: $? = 0
configure:4903: test -s conftest.o
configure:4906: $? = 0
configure:4917: result: yes
configure:4927: checking for 
configure:4951: gcc -c   conftest.c >&5
conftest.c: In function 'main':
conftest.c:71: error: expected expression before ')' token
conftest.c:73: error: expected expression before ')' token
configure:4957: $? = 1
configure: failed program was:
| /* confdefs.h.  */
| 
| #define PACKAGE_NAME ""
| #define PACKAGE_TARNAME ""
| #define PACKAGE_VERSION ""
| #define PACKAGE_STRING ""
| #define PACKAGE_BUGREPORT ""
| #define STDC_HEADERS 1
| #define HAVE_SYS_TYPES_H 1
| #define HAVE_SYS_STAT_H 1
| #define HAVE_STDLIB_H 1
| #define HAVE_STRING_H 1
| #define HAVE_MEMORY_H 1
| #define HAVE_STRINGS_H 1
| #define HAVE_INTTYPES_H 1
| #define HAVE_STDINT_H 1
| #define HAVE_UNISTD_H 1
| #define PACKAGE "nersuite"
| #define VERSION "1.0"
| #define PROTOTYPES 1
| #define __PROTOTYPES 1
| #define HAVE_STRING_H 1
| #ifdef __cplusplus
| extern "C" void exit (int) throw ();
| #endif
| #define STDC_HEADERS 1
| #define HAVE_FCNTL_H 1
| #define HAVE_LIMITS_H 1
| #define HAVE_MALLOC_H 1
| #define HAVE_STRINGS_H 1
| #define HAVE_UNISTD_H 1
| #define HAVE_STDINT_H 1
| /* end confdefs.h.  */
| #include <stdio.h>
| #if HAVE_SYS_TYPES_H
| # include <sys/types.h>
| #endif
| #if HAVE_SYS_STAT_H
| # include <sys/stat.h>
| #endif
| #if STDC_HEADERS
| # include <stdlib.h>
| # include <stddef.h>
| #else
| # if HAVE_STDLIB_H
| #  include <stdlib.h>
| # endif
| #endif
| #if HAVE_STRING_H
| # if !STDC_HEADERS && HAVE_MEMORY_H
| #  include <memory.h>
| # endif
| # include <string.h>
| #endif
| #if HAVE_STRINGS_H
| # include <strings.h>
| #endif
| #if HAVE_INTTYPES_H
| # include <inttypes.h>
| #else
| # if HAVE_STDINT_H
| #  include <stdint.h>
| # endif
| #endif
| #if HAVE_UNISTD_H
| # include <unistd.h>
| #endif
| int
| main ()
| {
| if (( *) 0)
|   return 0;
| if (sizeof ())
|   return 0;
|   ;
|   return 0;
| }
configure:4981: result: no
configure:4984: checking size of 
configure:5334: result: 0
configure:5341: checking for size_t
configure:5365: gcc -c   conftest.c >&5
configure:5371: $? = 0
configure:5375: test -z 
			 || test ! -s conftest.err
configure:5378: $? = 0
configure:5381: test -s conftest.o
configure:5384: $? = 0
configure:5395: result: yes
configure:5407: checking whether struct tm is in sys/time.h or time.h
configure:5430: gcc -c   conftest.c >&5
configure:5436: $? = 0
configure:5440: test -z 
			 || test ! -s conftest.err
configure:5443: $? = 0
configure:5446: test -s conftest.o
configure:5449: $? = 0
configure:5460: result: time.h
configure:5470: checking for short
configure:5494: gcc -c   conftest.c >&5
configure:5500: $? = 0
configure:5504: test -z 
			 || test ! -s conftest.err
configure:5507: $? = 0
configure:5510: test -s conftest.o
configure:5513: $? = 0
configure:5524: result: yes
configure:5527: checking size of short
configure:5846: gcc -o conftest    conftest.c  >&5
configure:5849: $? = 0
configure:5851: ./conftest
configure:5854: $? = 0
configure:5877: result: 2
configure:5884: checking for unsigned short
configure:5908: gcc -c   conftest.c >&5
configure:5914: $? = 0
configure:5918: test -z 
			 || test ! -s conftest.err
configure:5921: $? = 0
configure:5924: test -s conftest.o
configure:5927: $? = 0
configure:5938: result: yes
configure:5941: checking size of unsigned short
configure:6260: gcc -o conftest    conftest.c  >&5
configure:6263: $? = 0
configure:6265: ./conftest
configure:6268: $? = 0
configure:6291: result: 2
configure:6298: checking for int
configure:6322: gcc -c   conftest.c >&5
configure:6328: $? = 0
configure:6332: test -z 
			 || test ! -s conftest.err
configure:6335: $? = 0
configure:6338: test -s conftest.o
configure:6341: $? = 0
configure:6352: result: yes
configure:6355: checking size of int
configure:6674: gcc -o conftest    conftest.c  >&5
configure:6677: $? = 0
configure:6679: ./conftest
configure:6682: $? = 0
configure:6705: result: 4
configure:6712: checking for unsigned int
configure:6736: gcc -c   conftest.c >&5
configure:6742: $? = 0
configure:6746: test -z 
			 || test ! -s conftest.err
configure:6749: $? = 0
configure:6752: test -s conftest.o
configure:6755: $? = 0
configure:6766: result: yes
configure:6769: checking size of unsigned int
configure:7088: gcc -o conftest    conftest.c  >&5
configure:7091: $? = 0
configure:7093: ./conftest
configure:7096: $? = 0
configure:7119: result: 4
configure:7126: checking for long
configure:7150: gcc -c   conftest.c >&5
configure:7156: $? = 0
configure:7160: test -z 
			 || test ! -s conftest.err
configure:7163: $? = 0
configure:7166: test -s conftest.o
configure:7169: $? = 0
configure:7180: result: yes
configure:7183: checking size of long
configure:7502: gcc -o conftest    conftest.c  >&5
configure:7505: $? = 0
configure:7507: ./conftest
configure:7510: $? = 0
configure:7533: result: 8
configure:7540: checking for unsigned long
configure:7564: gcc -c   conftest.c >&5
configure:7570: $? = 0
configure:7574: test -z 
			 || test ! -s conftest.err
configure:7577: $? = 0
configure:7580: test -s conftest.o
configure:7583: $? = 0
configure:7594: result: yes
configure:7597: checking size of unsigned long
configure:7916: gcc -o conftest    conftest.c  >&5
configure:7919: $? = 0
configure:7921: ./conftest
configure:7924: $? = 0
configure:7947: result: 8
configure:7955: checking for uint8_t
configure:7979: gcc -c   conftest.c >&5
configure:7985: $? = 0
configure:7989: test -z 
			 || test ! -s conftest.err
configure:7992: $? = 0
configure:7995: test -s conftest.o
configure:7998: $? = 0
configure:8009: result: yes
configure:8019: checking for uint16_t
configure:8043: gcc -c   conftest.c >&5
configure:8049: $? = 0
configure:8053: test -z 
			 || test ! -s conftest.err
configure:8056: $? = 0
configure:8059: test -s conftest.o
configure:8062: $? = 0
configure:8073: result: yes
configure:8083: checking for uint32_t
configure:8107: gcc -c   conftest.c >&5
configure:8113: $? = 0
configure:8117: test -z 
			 || test ! -s conftest.err
configure:8120: $? = 0
configure:8123: test -s conftest.o
configure:8126: $? = 0
configure:8137: result: yes
configure:8174: checking for working alloca.h
configure:8195: gcc -o conftest -O3 -ffast-math    conftest.c  >&5
configure:8201: $? = 0
configure:8205: test -z 
			 || test ! -s conftest.err
configure:8208: $? = 0
configure:8211: test -s conftest
configure:8214: $? = 0
configure:8226: result: yes
configure:8236: checking for alloca
configure:8277: gcc -o conftest -O3 -ffast-math    conftest.c  >&5
configure:8283: $? = 0
configure:8287: test -z 
			 || test ! -s conftest.err
configure:8290: $? = 0
configure:8293: test -s conftest
configure:8296: $? = 0
configure:8308: result: yes
configure:8531: checking for working memcmp
configure:8579: gcc -o conftest -O3 -ffast-math    conftest.c  >&5
configure:8582: $? = 0
configure:8584: ./conftest
configure:8587: $? = 0
configure:8601: result: yes
configure:8616: checking for vprintf
configure:8673: gcc -o conftest -O3 -ffast-math    conftest.c  >&5
conftest.c:70: warning: conflicting types for built-in function 'vprintf'
configure:8679: $? = 0
configure:8683: test -z 
			 || test ! -s conftest.err
configure:8686: $? = 0
configure:8689: test -s conftest
configure:8692: $? = 0
configure:8704: result: yes
configure:8711: checking for _doprnt
configure:8768: gcc -o conftest -O3 -ffast-math    conftest.c  >&5
/tmp/ccq5i2Pt.o(.text+0x9): In function `main':
: undefined reference to `_doprnt'
/tmp/ccq5i2Pt.o(.data+0x0): undefined reference to `_doprnt'
collect2: ld returned 1 exit status
configure:8774: $? = 1
configure: failed program was:
| /* confdefs.h.  */
| 
| #define PACKAGE_NAME ""
| #define PACKAGE_TARNAME ""
| #define PACKAGE_VERSION ""
| #define PACKAGE_STRING ""
| #define PACKAGE_BUGREPORT ""
| #define STDC_HEADERS 1
| #define HAVE_SYS_TYPES_H 1
| #define HAVE_SYS_STAT_H 1
| #define HAVE_STDLIB_H 1
| #define HAVE_STRING_H 1
| #define HAVE_MEMORY_H 1
| #define HAVE_STRINGS_H 1
| #define HAVE_INTTYPES_H 1
| #define HAVE_STDINT_H 1
| #define HAVE_UNISTD_H 1
| #define PACKAGE "nersuite"
| #define VERSION "1.0"
| #define PROTOTYPES 1
| #define __PROTOTYPES 1
| #define HAVE_STRING_H 1
| #ifdef __cplusplus
| extern "C" void exit (int) throw ();
| #endif
| #define STDC_HEADERS 1
| #define HAVE_FCNTL_H 1
| #define HAVE_LIMITS_H 1
| #define HAVE_MALLOC_H 1
| #define HAVE_STRINGS_H 1
| #define HAVE_UNISTD_H 1
| #define HAVE_STDINT_H 1
| #define SIZEOF_ 0
| #define SIZEOF_SHORT 2
| #define SIZEOF_UNSIGNED_SHORT 2
| #define SIZEOF_INT 4
| #define SIZEOF_UNSIGNED_INT 4
| #define SIZEOF_LONG 8
| #define SIZEOF_UNSIGNED_LONG 8
| #define HAVE_UINT8_T 1
| #define HAVE_UINT16_T 1
| #define HAVE_UINT32_T 1
| #define HAVE_ALLOCA_H 1
| #define HAVE_ALLOCA 1
| #define HAVE_VPRINTF 1
| /* end confdefs.h.  */
| /* Define _doprnt to an innocuous variant, in case <limits.h> declares _doprnt.
|    For example, HP-UX 11i <limits.h> declares gettimeofday.  */
| #define _doprnt innocuous__doprnt
| 
| /* System header to define __stub macros and hopefully few prototypes,
|     which can conflict with char _doprnt (); below.
|     Prefer <limits.h> to <assert.h> if __STDC__ is defined, since
|     <limits.h> exists even on freestanding compilers.  */
| 
| #ifdef __STDC__
| # include <limits.h>
| #else
| # include <assert.h>
| #endif
| 
| #undef _doprnt
| 
| /* Override any gcc2 internal prototype to avoid an error.  */
| #ifdef __cplusplus
| extern "C"
| {
| #endif
| /* We use char because int might match the return type of a gcc2
|    builtin and then its argument prototype would still apply.  */
| char _doprnt ();
| /* The GNU C library defines this for functions which it implements
|     to always fail with ENOSYS.  Some functions are actually named
|     something starting with __ and the normal name is an alias.  */
| #if defined (__stub__doprnt) || defined (__stub____doprnt)
| choke me
| #else
| char (*f) () = _doprnt;
| #endif
| #ifdef __cplusplus
| }
| #endif
| 
| int
| main ()
| {
| return f != _doprnt;
|   ;
|   return 0;
| }
configure:8799: result: no
configure:8820: checking for strdup
configure:8877: gcc -o conftest -O3 -ffast-math    conftest.c  >&5
conftest.c:71: warning: conflicting types for built-in function 'strdup'
configure:8883: $? = 0
configure:8887: test -z 
			 || test ! -s conftest.err
configure:8890: $? = 0
configure:8893: test -s conftest
configure:8896: $? = 0
configure:8908: result: yes
configure:8820: checking for strerror
configure:8877: gcc -o conftest -O3 -ffast-math    conftest.c  >&5
configure:8883: $? = 0
configure:8887: test -z 
			 || test ! -s conftest.err
configure:8890: $? = 0
configure:8893: test -s conftest
configure:8896: $? = 0
configure:8908: result: yes
configure:8820: checking for strtol
configure:8877: gcc -o conftest -O3 -ffast-math    conftest.c  >&5
configure:8883: $? = 0
configure:8887: test -z 
			 || test ! -s conftest.err
configure:8890: $? = 0
configure:8893: test -s conftest
configure:8896: $? = 0
configure:8908: result: yes
configure:8820: checking for strtoul
configure:8877: gcc -o conftest -O3 -ffast-math    conftest.c  >&5
configure:8883: $? = 0
configure:8887: test -z 
			 || test ! -s conftest.err
configure:8890: $? = 0
configure:8893: test -s conftest
configure:8896: $? = 0
configure:8908: result: yes
configure:8920: checking for rand in -lm
configure:8950: gcc -o conftest -O3 -ffast-math    conftest.c -lm   >&5
configure:8956: $? = 0
configure:8960: test -z 
			 || test ! -s conftest.err
configure:8963: $? = 0
configure:8966: test -s conftest
configure:8969: $? = 0
configure:8982: result: yes
configure:9002: checking for lbfgs in -llbfgs
configure:9032: gcc -o conftest -O3 -ffast-math   -L/home/users/satre/biocreative/data/IAT/liblbfgs-1.9//lib  conftest.c -llbfgs  -lm  >&5
configure:9038: $? = 0
configure:9042: test -z 
			 || test ! -s conftest.err
configure:9045: $? = 0
configure:9048: test -s conftest
configure:9051: $? = 0
configure:9064: result: yes
configure:9084: checking for crf_create_instance in -lcrf
configure:9114: gcc -o conftest -O3 -ffast-math   -L/home/users/satre/biocreative/data/IAT/crfsuite-0.11/lib -L/home/users/satre/biocreative/data/IAT/liblbfgs-1.9//lib  conftest.c -lcrf  -llbfgs -lm  >&5
configure:9120: $? = 0
configure:9124: test -z 
			 || test ! -s conftest.err
configure:9127: $? = 0
configure:9130: test -s conftest
configure:9133: $? = 0
configure:9146: result: yes
configure:9288: creating ./config.status

## ---------------------- ##
## Running config.status. ##
## ---------------------- ##

This file was extended by config.status, which was
generated by GNU Autoconf 2.59.  Invocation command line was

  CONFIG_FILES    = 
  CONFIG_HEADERS  = 
  CONFIG_LINKS    = 
  CONFIG_COMMANDS = 
  $ ./config.status 

on mason10.is.s.u-tokyo.ac.jp

config.status:714: creating Makefile
config.status:714: creating src/tokenizer/Makefile
config.status:714: creating src/gtagger/Makefile
config.status:714: creating src/nersuite/Makefile
config.status:818: creating config.h
config.status:1182: executing depfiles commands

## ---------------- ##
## Cache variables. ##
## ---------------- ##

ac_cv_build=x86_64-unknown-linux-gnu
ac_cv_build_alias=x86_64-unknown-linux-gnu
ac_cv_c_compiler_gnu=yes
ac_cv_c_const=yes
ac_cv_cxx_compiler_gnu=yes
ac_cv_env_CC_set=
ac_cv_env_CC_value=
ac_cv_env_CFLAGS_set=
ac_cv_env_CFLAGS_value=
ac_cv_env_CPPFLAGS_set=
ac_cv_env_CPPFLAGS_value=
ac_cv_env_CPP_set=
ac_cv_env_CPP_value=
ac_cv_env_CXXFLAGS_set=
ac_cv_env_CXXFLAGS_value=
ac_cv_env_CXX_set=
ac_cv_env_CXX_value=
ac_cv_env_LDFLAGS_set=
ac_cv_env_LDFLAGS_value=
ac_cv_env_build_alias_set=
ac_cv_env_build_alias_value=
ac_cv_env_host_alias_set=
ac_cv_env_host_alias_value=
ac_cv_env_target_alias_set=
ac_cv_env_target_alias_value=
ac_cv_exeext=
ac_cv_func__doprnt=no
ac_cv_func_alloca_works=yes
ac_cv_func_memcmp_working=yes
ac_cv_func_strdup=yes
ac_cv_func_strerror=yes
ac_cv_func_strtol=yes
ac_cv_func_strtoul=yes
ac_cv_func_vprintf=yes
ac_cv_header_fcntl_h=yes
ac_cv_header_inttypes_h=yes
ac_cv_header_limits_h=yes
ac_cv_header_malloc_h=yes
ac_cv_header_memory_h=yes
ac_cv_header_minix_config_h=no
ac_cv_header_stdc=yes
ac_cv_header_stdint_h=yes
ac_cv_header_stdlib_h=yes
ac_cv_header_string_h=yes
ac_cv_header_strings_h=yes
ac_cv_header_sys_stat_h=yes
ac_cv_header_sys_types_h=yes
ac_cv_header_unistd_h=yes
ac_cv_host=x86_64-unknown-linux-gnu
ac_cv_host_alias=x86_64-unknown-linux-gnu
ac_cv_lib_crf_crf_create_instance=yes
ac_cv_lib_lbfgs_lbfgs=yes
ac_cv_lib_m_rand=yes
ac_cv_objext=o
ac_cv_path_install='/usr/bin/install -c'
ac_cv_prog_AWK=gawk
ac_cv_prog_CPP='gcc -E'
ac_cv_prog_ac_ct_CC=gcc
ac_cv_prog_ac_ct_CXX=g++
ac_cv_prog_cc_g=yes
ac_cv_prog_cc_stdc=
ac_cv_prog_cxx_g=yes
ac_cv_prog_egrep='grep -E'
ac_cv_prog_make_make_set=yes
ac_cv_search_strerror='none required'
ac_cv_sizeof_=0
ac_cv_sizeof_int=4
ac_cv_sizeof_long=8
ac_cv_sizeof_short=2
ac_cv_sizeof_unsigned_int=4
ac_cv_sizeof_unsigned_long=8
ac_cv_sizeof_unsigned_short=2
ac_cv_struct_tm=time.h
ac_cv_type_=no
ac_cv_type_int=yes
ac_cv_type_long=yes
ac_cv_type_short=yes
ac_cv_type_size_t=yes
ac_cv_type_uint16_t=yes
ac_cv_type_uint32_t=yes
ac_cv_type_uint8_t=yes
ac_cv_type_unsigned_int=yes
ac_cv_type_unsigned_long=yes
ac_cv_type_unsigned_short=yes
ac_cv_working_alloca_h=yes
am_cv_CC_dependencies_compiler_type=gcc3
am_cv_CXX_dependencies_compiler_type=gcc3

## ----------------- ##
## Output variables. ##
## ----------------- ##

ACLOCAL='${SHELL} /home/users/satre/biocreative/data/IAT/nersuite-1.0/missing --run aclocal-1.9'
ALLOCA=''
AMDEPBACKSLASH='\'
AMDEP_FALSE='#'
AMDEP_TRUE=''
AMTAR='${SHELL} /home/users/satre/biocreative/data/IAT/nersuite-1.0/missing --run tar'
ANSI2KNR=''
AUTOCONF='${SHELL} /home/users/satre/biocreative/data/IAT/nersuite-1.0/missing --run autoconf'
AUTOHEADER='${SHELL} /home/users/satre/biocreative/data/IAT/nersuite-1.0/missing --run autoheader'
AUTOMAKE='${SHELL} /home/users/satre/biocreative/data/IAT/nersuite-1.0/missing --run automake-1.9'
AWK='gawk'
CC='gcc'
CCDEPMODE='depmode=gcc3'
CFLAGS='-O3 -ffast-math '
CPP='gcc -E'
CPPFLAGS=''
CXX='g++'
CXXDEPMODE='depmode=gcc3'
CXXFLAGS='-g -O2'
CYGPATH_W='echo'
DEFS='-DHAVE_CONFIG_H'
DEPDIR='.deps'
ECHO_C=''
ECHO_N='-n'
ECHO_T=''
EGREP='grep -E'
EXEEXT=''
INCLUDES='-I/home/users/satre/biocreative/data/IAT/crfsuite-0.11/include -I/home/users/satre/biocreative/data/IAT/liblbfgs-1.9//include -I$(top_srcdir) -I$(srcdir)'
INSTALL_DATA='${INSTALL} -m 644'
INSTALL_PROGRAM='${INSTALL}'
INSTALL_SCRIPT='${INSTALL}'
INSTALL_STRIP_PROGRAM='${SHELL} $(install_sh) -c -s'
LDFLAGS='-L/home/users/satre/biocreative/data/IAT/crfsuite-0.11/lib -L/home/users/satre/biocreative/data/IAT/liblbfgs-1.9//lib '
LIBOBJS=''
LIBS='-lcrf -llbfgs -lm '
LN_S='ln -s'
LTLIBOBJS=''
MAINT='#'
MAINTAINER_MODE_FALSE=''
MAINTAINER_MODE_TRUE='#'
MAKEINFO='${SHELL} /home/users/satre/biocreative/data/IAT/nersuite-1.0/missing --run makeinfo'
OBJEXT='o'
PACKAGE='nersuite'
PACKAGE_BUGREPORT=''
PACKAGE_NAME=''
PACKAGE_STRING=''
PACKAGE_TARNAME=''
PACKAGE_VERSION=''
PATH_SEPARATOR=':'
SET_MAKE=''
SHELL='/bin/sh'
STRIP=''
U=''
VERSION='1.0'
ac_ct_CC='gcc'
ac_ct_CXX='g++'
ac_ct_STRIP=''
am__fastdepCC_FALSE='#'
am__fastdepCC_TRUE=''
am__fastdepCXX_FALSE='#'
am__fastdepCXX_TRUE=''
am__include='include'
am__leading_dot='.'
am__quote=''
am__tar='${AMTAR} chof - "$$tardir"'
am__untar='${AMTAR} xf -'
bindir='${exec_prefix}/bin'
build='x86_64-unknown-linux-gnu'
build_alias=''
build_cpu='x86_64'
build_os='linux-gnu'
build_vendor='unknown'
datadir='${prefix}/share'
exec_prefix='${prefix}'
host='x86_64-unknown-linux-gnu'
host_alias=''
host_cpu='x86_64'
host_os='linux-gnu'
host_vendor='unknown'
includedir='${prefix}/include'
infodir='${prefix}/info'
install_sh='/home/users/satre/biocreative/data/IAT/nersuite-1.0/install-sh'
libdir='${exec_prefix}/lib'
libexecdir='${exec_prefix}/libexec'
localstatedir='${prefix}/var'
mandir='${prefix}/man'
mkdir_p='mkdir -p --'
oldincludedir='/usr/include'
prefix='/home/users/satre/biocreative/data/IAT/nersuite-1.0/'
program_transform_name='s,x,x,'
sbindir='${exec_prefix}/sbin'
sharedstatedir='${prefix}/com'
sysconfdir='${prefix}/etc'
target_alias=''

## ----------- ##
## confdefs.h. ##
## ----------- ##

#define HAVE_ALLOCA 1
#define HAVE_ALLOCA_H 1
#define HAVE_FCNTL_H 1
#define HAVE_INTTYPES_H 1
#define HAVE_LIBCRF 1
#define HAVE_LIBLBFGS 1
#define HAVE_LIBM 1
#define HAVE_LIMITS_H 1
#define HAVE_MALLOC_H 1
#define HAVE_MEMORY_H 1
#define HAVE_STDINT_H 1
#define HAVE_STDINT_H 1
#define HAVE_STDLIB_H 1
#define HAVE_STRDUP 1
#define HAVE_STRERROR 1
#define HAVE_STRINGS_H 1
#define HAVE_STRINGS_H 1
#define HAVE_STRING_H 1
#define HAVE_STRING_H 1
#define HAVE_STRTOL 1
#define HAVE_STRTOUL 1
#define HAVE_SYS_STAT_H 1
#define HAVE_SYS_TYPES_H 1
#define HAVE_UINT16_T 1
#define HAVE_UINT32_T 1
#define HAVE_UINT8_T 1
#define HAVE_UNISTD_H 1
#define HAVE_UNISTD_H 1
#define HAVE_VPRINTF 1
#define PACKAGE "nersuite"
#define PACKAGE_BUGREPORT ""
#define PACKAGE_NAME ""
#define PACKAGE_STRING ""
#define PACKAGE_TARNAME ""
#define PACKAGE_VERSION ""
#define PROTOTYPES 1
#define SIZEOF_ 0
#define SIZEOF_INT 4
#define SIZEOF_LONG 8
#define SIZEOF_SHORT 2
#define SIZEOF_UNSIGNED_INT 4
#define SIZEOF_UNSIGNED_LONG 8
#define SIZEOF_UNSIGNED_SHORT 2
#define STDC_HEADERS 1
#define STDC_HEADERS 1
#define VERSION "1.0"
#define __PROTOTYPES 1
#endif
#ifdef __cplusplus
extern "C" void exit (int) throw ();

configure: exit 0
